# JRE version: Java(TM) SE Runtime Environment (8.0_191-b12) (build 1.8.0_191-b12)
# Java VM: Java HotSpot(TM) 64-Bit Server VM (25.191-b12 mixed mode windows-amd64 compressed oops)
Heap:
 PSYoungGen      total 42496K, used 4360K [0x00000000eab00000, 0x00000000f0180000, 0x0000000100000000)
  eden space 41984K, 10% used [0x00000000eab00000,0x00000000eaf1a1d0,0x00000000ed400000)
  from space 512K, 31% used [0x00000000f0100000,0x00000000f0128000,0x00000000f0180000)
  to   space 512K, 0% used [0x00000000f0080000,0x00000000f0080000,0x00000000f0100000)
 ParOldGen       total 348160K, used 79332K [0x00000000c0000000, 0x00000000d5400000, 0x00000000eab00000)
  object space 348160K, 22% used [0x00000000c0000000,0x00000000c4d793c0,0x00000000d5400000)
 Metaspace       used 14200K, capacity 14764K, committed 15104K, reserved 1062912K
  class space    used 2058K, capacity 2207K, committed 2304K, reserved 1048576K
GC Heap History (10 events):
Event: 3792.884 GC heap before
{Heap before GC invocations=1409 (full 387):
 PSYoungGen      total 42496K, used 42176K [0x00000000eab00000, 0x00000000f0180000, 0x0000000100000000)
  eden space 41984K, 100% used [0x00000000eab00000,0x00000000ed400000,0x00000000ed400000)
  from space 512K, 37% used [0x00000000f0080000,0x00000000f00b0000,0x00000000f0100000)
  to   space 512K, 0% used [0x00000000f0100000,0x00000000f0100000,0x00000000f0180000)
 ParOldGen       total 348160K, used 79276K [0x00000000c0000000, 0x00000000d5400000, 0x00000000eab00000)
  object space 348160K, 22% used [0x00000000c0000000,0x00000000c4d6b3c0,0x00000000d5400000)
 Metaspace       used 14195K, capacity 14764K, committed 15104K, reserved 1062912K
  class space    used 2056K, capacity 2207K, committed 2304K, reserved 1048576K
Event: 3792.885 GC heap after
Heap after GC invocations=1409 (full 387):
 PSYoungGen      total 42496K, used 352K [0x00000000eab00000, 0x00000000f0180000, 0x0000000100000000)
  eden space 41984K, 0% used [0x00000000eab00000,0x00000000eab00000,0x00000000ed400000)
  from space 512K, 68% used [0x00000000f0100000,0x00000000f0158000,0x00000000f0180000)
  to   space 512K, 0% used [0x00000000f0080000,0x00000000f0080000,0x00000000f0100000)
 ParOldGen       total 348160K, used 79284K [0x00000000c0000000, 0x00000000d5400000, 0x00000000eab00000)
  object space 348160K, 22% used [0x00000000c0000000,0x00000000c4d6d3c0,0x00000000d5400000)
 Metaspace       used 14195K, capacity 14764K, committed 15104K, reserved 1062912K
  class space    used 2056K, capacity 2207K, committed 2304K, reserved 1048576K
}
Event: 3794.773 GC heap before
{Heap before GC invocations=1410 (full 387):
 PSYoungGen      total 42496K, used 42336K [0x00000000eab00000, 0x00000000f0180000, 0x0000000100000000)
  eden space 41984K, 100% used [0x00000000eab00000,0x00000000ed400000,0x00000000ed400000)
  from space 512K, 68% used [0x00000000f0100000,0x00000000f0158000,0x00000000f0180000)
  to   space 512K, 0% used [0x00000000f0080000,0x00000000f0080000,0x00000000f0100000)
 ParOldGen       total 348160K, used 79284K [0x00000000c0000000, 0x00000000d5400000, 0x00000000eab00000)
  object space 348160K, 22% used [0x00000000c0000000,0x00000000c4d6d3c0,0x00000000d5400000)
 Metaspace       used 14195K, capacity 14764K, committed 15104K, reserved 1062912K
  class space    used 2056K, capacity 2207K, committed 2304K, reserved 1048576K
Event: 3794.774 GC heap after
Heap after GC invocations=1410 (full 387):
 PSYoungGen      total 42496K, used 160K [0x00000000eab00000, 0x00000000f0180000, 0x0000000100000000)
  eden space 41984K, 0% used [0x00000000eab00000,0x00000000eab00000,0x00000000ed400000)
  from space 512K, 31% used [0x00000000f0080000,0x00000000f00a8000,0x00000000f0100000)
  to   space 512K, 0% used [0x00000000f0100000,0x00000000f0100000,0x00000000f0180000)
 ParOldGen       total 348160K, used 79300K [0x00000000c0000000, 0x00000000d5400000, 0x00000000eab00000)
  object space 348160K, 22% used [0x00000000c0000000,0x00000000c4d713c0,0x00000000d5400000)
 Metaspace       used 14195K, capacity 14764K, committed 15104K, reserved 1062912K
  class space    used 2056K, capacity 2207K, committed 2304K, reserved 1048576K
}
Event: 3796.666 GC heap before
{Heap before GC invocations=1411 (full 387):
 PSYoungGen      total 42496K, used 42144K [0x00000000eab00000, 0x00000000f0180000, 0x0000000100000000)
  eden space 41984K, 100% used [0x00000000eab00000,0x00000000ed400000,0x00000000ed400000)
  from space 512K, 31% used [0x00000000f0080000,0x00000000f00a8000,0x00000000f0100000)
  to   space 512K, 0% used [0x00000000f0100000,0x00000000f0100000,0x00000000f0180000)
 ParOldGen       total 348160K, used 79300K [0x00000000c0000000, 0x00000000d5400000, 0x00000000eab00000)
  object space 348160K, 22% used [0x00000000c0000000,0x00000000c4d713c0,0x00000000d5400000)
 Metaspace       used 14195K, capacity 14764K, committed 15104K, reserved 1062912K
  class space    used 2056K, capacity 2207K, committed 2304K, reserved 1048576K
Event: 3796.667 GC heap after
Heap after GC invocations=1411 (full 387):
 PSYoungGen      total 42496K, used 416K [0x00000000eab00000, 0x00000000f0180000, 0x0000000100000000)
  eden space 41984K, 0% used [0x00000000eab00000,0x00000000eab00000,0x00000000ed400000)
  from space 512K, 81% used [0x00000000f0100000,0x00000000f0168000,0x00000000f0180000)
  to   space 512K, 0% used [0x00000000f0080000,0x00000000f0080000,0x00000000f0100000)
 ParOldGen       total 348160K, used 79308K [0x00000000c0000000, 0x00000000d5400000, 0x00000000eab00000)
  object space 348160K, 22% used [0x00000000c0000000,0x00000000c4d733c0,0x00000000d5400000)
 Metaspace       used 14195K, capacity 14764K, committed 15104K, reserved 1062912K
  class space    used 2056K, capacity 2207K, committed 2304K, reserved 1048576K
}
Event: 3798.560 GC heap before
{Heap before GC invocations=1412 (full 387):
 PSYoungGen      total 42496K, used 42400K [0x00000000eab00000, 0x00000000f0180000, 0x0000000100000000)
  eden space 41984K, 100% used [0x00000000eab00000,0x00000000ed400000,0x00000000ed400000)
  from space 512K, 81% used [0x00000000f0100000,0x00000000f0168000,0x00000000f0180000)
  to   space 512K, 0% used [0x00000000f0080000,0x00000000f0080000,0x00000000f0100000)
 ParOldGen       total 348160K, used 79308K [0x00000000c0000000, 0x00000000d5400000, 0x00000000eab00000)
  object space 348160K, 22% used [0x00000000c0000000,0x00000000c4d733c0,0x00000000d5400000)
 Metaspace       used 14195K, capacity 14764K, committed 15104K, reserved 1062912K
  class space    used 2056K, capacity 2207K, committed 2304K, reserved 1048576K
Event: 3798.561 GC heap after
Heap after GC invocations=1412 (full 387):
 PSYoungGen      total 42496K, used 352K [0x00000000eab00000, 0x00000000f0180000, 0x0000000100000000)
  eden space 41984K, 0% used [0x00000000eab00000,0x00000000eab00000,0x00000000ed400000)
  from space 512K, 68% used [0x00000000f0080000,0x00000000f00d8000,0x00000000f0100000)
  to   space 512K, 0% used [0x00000000f0100000,0x00000000f0100000,0x00000000f0180000)
 ParOldGen       total 348160K, used 79324K [0x00000000c0000000, 0x00000000d5400000, 0x00000000eab00000)
  object space 348160K, 22% used [0x00000000c0000000,0x00000000c4d773c0,0x00000000d5400000)
 Metaspace       used 14195K, capacity 14764K, committed 15104K, reserved 1062912K
  class space    used 2056K, capacity 2207K, committed 2304K, reserved 1048576K
}
Event: 3800.493 GC heap before
{Heap before GC invocations=1413 (full 387):
 PSYoungGen      total 42496K, used 42336K [0x00000000eab00000, 0x00000000f0180000, 0x0000000100000000)
  eden space 41984K, 100% used [0x00000000eab00000,0x00000000ed400000,0x00000000ed400000)
  from space 512K, 68% used [0x00000000f0080000,0x00000000f00d8000,0x00000000f0100000)
  to   space 512K, 0% used [0x00000000f0100000,0x00000000f0100000,0x00000000f0180000)
 ParOldGen       total 348160K, used 79324K [0x00000000c0000000, 0x00000000d5400000, 0x00000000eab00000)
  object space 348160K, 22% used [0x00000000c0000000,0x00000000c4d773c0,0x00000000d5400000)
 Metaspace       used 14195K, capacity 14764K, committed 15104K, reserved 1062912K
  class space    used 2056K, capacity 2207K, committed 2304K, reserved 1048576K
Event: 3800.494 GC heap after
Heap after GC invocations=1413 (full 387):
 PSYoungGen      total 42496K, used 160K [0x00000000eab00000, 0x00000000f0180000, 0x0000000100000000)
  eden space 41984K, 0% used [0x00000000eab00000,0x00000000eab00000,0x00000000ed400000)
  from space 512K, 31% used [0x00000000f0100000,0x00000000f0128000,0x00000000f0180000)
  to   space 512K, 0% used [0x00000000f0080000,0x00000000f0080000,0x00000000f0100000)
 ParOldGen       total 348160K, used 79332K [0x00000000c0000000, 0x00000000d5400000, 0x00000000eab00000)
  object space 348160K, 22% used [0x00000000c0000000,0x00000000c4d793c0,0x00000000d5400000)
 Metaspace       used 14195K, capacity 14764K, committed 15104K, reserved 1062912K
  class space    used 2056K, capacity 2207K, committed 2304K, reserved 1048576K
}

